<?xml version="1.0" encoding="UTF-8"?>
<!-- Generated by org.testng.reporters.JUnitReportReporter -->
<testsuite hostname="LAPTOP-NYAMANA" failures="0" tests="3" name="TestChangelog" time="0.050" errors="0" timestamp="2023-10-12T14:34:34 EDT" skipped="0">
  <testcase classname="TestChangelog" name="test_test1TableExists" time="0.040"/>
  <system-out/>
  <testcase classname="TestChangelog" name="test_metadata" time="0.003"/>
  <system-out/>
  <testcase classname="TestChangelog" name="test_test1DataExists" time="0.007"/>
  <system-out/>
</testsuite> <!-- TestChangelog -->
